INFO:__main__:[2m2025-08-26T22:44:53.780567Z[0m [[32m[1minfo     [0m] [1mCollector logging configuration[0m [[34m[1m__main__[0m] [36mdebug_all[0m=[35mFalse[0m [36mdebug_collector[0m=[35mFalse[0m [36mlog_level[0m=[35mINFO[0m
INFO:utils.public_key_utils:[2m2025-08-26T22:44:53.782670Z[0m [[32m[1minfo     [0m] [1mPublicKeyUtils initialization [0m [[34m[1mutils.public_key_utils[0m] [36mpublic_key_path[0m=[35m/mnt/c/Users/ramkr/CitadelAI/zero-trust/tpm/appsk_pubkey.pem[0m [36mverify_script_path[0m=[35m/mnt/c/Users/ramkr/CitadelAI/zero-trust/tpm/verify_app_message_signature.sh[0m
INFO:utils.public_key_utils:[2m2025-08-26T22:44:53.783209Z[0m [[32m[1minfo     [0m] [1mPublicKeyUtils initialized    [0m [[34m[1mutils.public_key_utils[0m] [36mpublic_key_path[0m=[35mtpm/appsk_pubkey.pem[0m [36mverify_script_path[0m=[35mtpm/verify_app_message_signature.sh[0m
INFO:__main__:[2m2025-08-26T22:44:53.783437Z[0m [[32m[1minfo     [0m] [1mPublic key utilities initialized successfully[0m [[34m[1m__main__[0m] 
DEBUG:utils.agent_verification_utils:[2m2025-08-26T22:44:53.783599Z[0m [[32m[1mdebug    [0m] [1mLoading allowed agents        [0m [[34m[1mutils.agent_verification_utils[0m] [36mfile_path[0m=[35m/mnt/c/Users/ramkr/CitadelAI/zero-trust/collector/allowed_agents.json[0m
DEBUG:utils.agent_verification_utils:[2m2025-08-26T22:44:53.786113Z[0m [[32m[1mdebug    [0m] [1mFile content loaded           [0m [[34m[1mutils.agent_verification_utils[0m] [36mcontent_length[0m=[35m1285[0m
DEBUG:utils.agent_verification_utils:[2m2025-08-26T22:44:53.786905Z[0m [[32m[1mdebug    [0m] [1mJSON parsed successfully      [0m [[34m[1mutils.agent_verification_utils[0m] [36magents_length[0m=[35m2[0m [36magents_type[0m=[35m<class 'list'>[0m
INFO:utils.agent_verification_utils:[2m2025-08-26T22:44:53.787174Z[0m [[32m[1minfo     [0m] [1mAllowed agents loaded successfully[0m [[34m[1mutils.agent_verification_utils[0m] [36magent_count[0m=[35m2[0m [36magent_names[0m=[35m['agent-001', 'agent-geo-policy-violation-002'][0m
INFO:utils.agent_verification_utils:[2m2025-08-26T22:44:53.787385Z[0m [[32m[1minfo     [0m] [1mAgentVerificationUtils initialized[0m [[34m[1mutils.agent_verification_utils[0m] [36magent_count[0m=[35m2[0m [36mallowed_agents_path[0m=[35m/mnt/c/Users/ramkr/CitadelAI/zero-trust/collector/allowed_agents.json[0m
INFO:__main__:[2m2025-08-26T22:44:53.787653Z[0m [[32m[1minfo     [0m] [1mAgent verification utilities initialized successfully[0m [[34m[1m__main__[0m] 
INFO:__main__:[2m2025-08-26T22:44:53.793968Z[0m [[32m[1minfo     [0m] [1mSkipping OpenTelemetry metrics setup for compatibility[0m [[34m[1m__main__[0m] 
INFO:__main__:[2m2025-08-26T22:44:53.794426Z[0m [[32m[1minfo     [0m] [1mOpenTelemetry setup completed (OTLP export disabled)[0m [[34m[1m__main__[0m] 
INFO:__main__:[2m2025-08-26T22:44:53.822617Z[0m [[32m[1minfo     [0m] [1mGenerated temporary SSL certificates[0m [[34m[1m__main__[0m] [36mcert_path[0m=[35m/tmp/tmp09f2cq2a.pem[0m [36mkey_path[0m=[35m/tmp/tmpoq9twy6x.pem[0m
 * Serving Flask app 'app'
 * Debug mode: off
INFO:__main__:[2m2025-08-26T22:44:56.840623Z[0m [[32m[1minfo     [0m] [1m🔄 [COLLECTOR] Starting nonce generation[0m [[34m[1m__main__[0m] [36magent_name[0m=[35magent-001[0m [36magent_public_key_fingerprint[0m=[35mMIIBIjANBgkqhkiG...[0m [36mrequest_ip[0m=[35m127.0.0.1[0m
INFO:__main__:[2m2025-08-26T22:44:56.841627Z[0m [[32m[1minfo     [0m] [1m🎲 [NONCE_MANAGER] Fresh nonce created for agent[0m [[34m[1m__main__[0m] [36magent_nonce_count[0m=[35m1[0m [36magent_public_key_fingerprint[0m=[35mMIIBIjANBgkqhkiG...[0m [36mnonce_length[0m=[35m32[0m [36mnonce_value[0m=[35m98e3a4457dd168ff...[0m [36mtotal_active_nonces[0m=[35m1[0m [36mtotal_agents_with_nonces[0m=[35m1[0m
INFO:__main__:[2m2025-08-26T22:44:56.841882Z[0m [[32m[1minfo     [0m] [1m✅ [COLLECTOR] Nonce generated successfully[0m [[34m[1m__main__[0m] [36magent_public_key_fingerprint[0m=[35mMIIBIjANBgkqhkiG...[0m [36mnonce_length[0m=[35m32[0m [36mnonce_value[0m=[35m98e3a4457dd168ff...[0m [36mtotal_active_nonces[0m=[35m1[0m
INFO:__main__:[2m2025-08-26T22:44:56.985225Z[0m [[32m[1minfo     [0m] [1m🔍 [COLLECTOR] Validating nonce for agent[0m [[34m[1m__main__[0m] [36magent_name[0m=[35magent-001[0m [36magent_public_key_fingerprint[0m=[35mMIIBIjANBgkqhkiG...[0m [36mnonce_value[0m=[35m98e3a4457dd168ff...[0m
DEBUG:__main__:[2m2025-08-26T22:44:56.985574Z[0m [[32m[1mdebug    [0m] [1m🔍 [NONCE_MANAGER] Comparing public keys for nonce validation[0m [[34m[1m__main__[0m] [36mactual_agent_key_length[0m=[35m392[0m [36mactual_agent_key_start[0m=[35mMIIBIjANBgkqhkiG9w0BAQEFAAOCAQ8AMIIBCgKCAQEAtV0Jfl...[0m [36mexpected_agent_key_length[0m=[35m392[0m [36mexpected_agent_key_start[0m=[35mMIIBIjANBgkqhkiG9w0BAQEFAAOCAQ8AMIIBCgKCAQEAtV0Jfl...[0m [36mnonce_value[0m=[35m98e3a4457dd168ff...[0m
INFO:__main__:[2m2025-08-26T22:44:56.985763Z[0m [[32m[1minfo     [0m] [1m✅ [COLLECTOR] Nonce validation successful for agent[0m [[34m[1m__main__[0m] [36magent_name[0m=[35magent-001[0m [36magent_public_key_fingerprint[0m=[35mMIIBIjANBgkqhkiG...[0m [36mnonce_value[0m=[35m98e3a4457dd168ff...[0m
INFO:__main__:[2m2025-08-26T22:44:56.985931Z[0m [[32m[1minfo     [0m] [1m🔍 [COLLECTOR] Starting signature verification with key[0m [[34m[1m__main__[0m] [36magent_name[0m=[35magent-001[0m [36mnonce[0m=[35m98e3a4457dd168ff...[0m [36mpublic_key_length[0m=[35m444[0m [36msignature[0m=[35m868d81da8602a38ba3a44442c81d3af4...[0m
INFO:__main__:[2m2025-08-26T22:44:56.986157Z[0m [[32m[1minfo     [0m] [1m🔍 [COLLECTOR] Reconstructed data for verification with key[0m [[34m[1m__main__[0m] [36mdata_json[0m=[35m{"geographic_region": {"city": "Santa Clara", "region": "US", "state": "California"}, "metrics": {"metrics": {"active_connections": 29, "error_rate": 1.338988597640283, "requests_per_second": 14.87970245333394, "response_time_ms": 374.63306078694774}, "service": {"instance_id": "unknown", "name": "opentelemetry-agent", "version": "1.0.0"}, "timestamp": "2025-08-26T22:44:56.810937"}}[0m [36mdata_length[0m=[35m385[0m [36mnonce[0m=[35m98e3a4457dd168ff0bc439632535a901[0m
INFO:__main__:[2m2025-08-26T22:44:57.015162Z[0m [[32m[1minfo     [0m] [1m🔍 [COLLECTOR] TPM2 signature verification successful[0m [[34m[1m__main__[0m] 
INFO:__main__:[2m2025-08-26T22:44:57.016981Z[0m [[32m[1minfo     [0m] [1m🔍 [COLLECTOR] Signature verification result with key[0m [[34m[1m__main__[0m] [36magent_name[0m=[35magent-001[0m [36mis_valid[0m=[35mTrue[0m
INFO:utils.agent_verification_utils:[2m2025-08-26T22:44:57.017558Z[0m [[32m[1minfo     [0m] [1mTPM public key hash verification successful[0m [[34m[1mutils.agent_verification_utils[0m] [36magent_name[0m=[35magent-001[0m
INFO:utils.agent_verification_utils:[2m2025-08-26T22:44:57.017763Z[0m [[32m[1minfo     [0m] [1mAgent verification successful [0m [[34m[1mutils.agent_verification_utils[0m] [36magent_name[0m=[35magent-001[0m [36mgeolocation[0m=[35m{'country': 'US', 'state': 'California', 'city': 'Santa Clara'}[0m
INFO:__main__:[2m2025-08-26T22:44:57.017971Z[0m [[32m[1minfo     [0m] [1mGeographic region verification successful[0m [[34m[1m__main__[0m] [36mcity[0m=[35mSanta Clara[0m [36mregion[0m=[35mUS[0m [36mstate[0m=[35mCalifornia[0m
INFO:__main__:[2m2025-08-26T22:44:57.018172Z[0m [[32m[1minfo     [0m] [1m🍽️ [NONCE_MANAGER] Consuming nonce for agent[0m [[34m[1m__main__[0m] [36magent_public_key_fingerprint[0m=[35mMIIBIjANBgkqhkiG...[0m [36mnonce_value[0m=[35m98e3a4457dd168ff...[0m [36mremaining_active_nonces[0m=[35m0[0m [36mremaining_agent_nonces[0m=[35m0[0m
INFO:__main__:[2m2025-08-26T22:44:57.018355Z[0m [[32m[1minfo     [0m] [1mMetrics processed successfully[0m [[34m[1m__main__[0m] [36mservice[0m=[35mopentelemetry-agent[0m
INFO:__main__:[2m2025-08-26T22:44:57.018576Z[0m [[32m[1minfo     [0m] [1mMetrics received and verified successfully[0m [[34m[1m__main__[0m] [36mservice[0m=[35mopentelemetry-agent[0m
INFO:__main__:[2m2025-08-26T22:44:57.087644Z[0m [[32m[1minfo     [0m] [1m🔄 [COLLECTOR] Starting nonce generation[0m [[34m[1m__main__[0m] [36magent_name[0m=[35magent-geo-policy-violation-002[0m [36magent_public_key_fingerprint[0m=[35mMIIBIjANBgkqhkiG...[0m [36mrequest_ip[0m=[35m127.0.0.1[0m
INFO:__main__:[2m2025-08-26T22:44:57.090777Z[0m [[32m[1minfo     [0m] [1m🎲 [NONCE_MANAGER] Fresh nonce created for agent[0m [[34m[1m__main__[0m] [36magent_nonce_count[0m=[35m1[0m [36magent_public_key_fingerprint[0m=[35mMIIBIjANBgkqhkiG...[0m [36mnonce_length[0m=[35m32[0m [36mnonce_value[0m=[35m3326000f93e7e5e1...[0m [36mtotal_active_nonces[0m=[35m1[0m [36mtotal_agents_with_nonces[0m=[35m2[0m
INFO:__main__:[2m2025-08-26T22:44:57.094561Z[0m [[32m[1minfo     [0m] [1m✅ [COLLECTOR] Nonce generated successfully[0m [[34m[1m__main__[0m] [36magent_public_key_fingerprint[0m=[35mMIIBIjANBgkqhkiG...[0m [36mnonce_length[0m=[35m32[0m [36mnonce_value[0m=[35m3326000f93e7e5e1...[0m [36mtotal_active_nonces[0m=[35m1[0m
INFO:__main__:[2m2025-08-26T22:44:57.227230Z[0m [[32m[1minfo     [0m] [1m🔍 [COLLECTOR] Validating nonce for agent[0m [[34m[1m__main__[0m] [36magent_name[0m=[35magent-geo-policy-violation-002[0m [36magent_public_key_fingerprint[0m=[35mMIIBIjANBgkqhkiG...[0m [36mnonce_value[0m=[35m3326000f93e7e5e1...[0m
DEBUG:__main__:[2m2025-08-26T22:44:57.227610Z[0m [[32m[1mdebug    [0m] [1m🔍 [NONCE_MANAGER] Comparing public keys for nonce validation[0m [[34m[1m__main__[0m] [36mactual_agent_key_length[0m=[35m392[0m [36mactual_agent_key_start[0m=[35mMIIBIjANBgkqhkiG9w0BAQEFAAOCAQ8AMIIBCgKCAQEAvovBiK...[0m [36mexpected_agent_key_length[0m=[35m392[0m [36mexpected_agent_key_start[0m=[35mMIIBIjANBgkqhkiG9w0BAQEFAAOCAQ8AMIIBCgKCAQEAvovBiK...[0m [36mnonce_value[0m=[35m3326000f93e7e5e1...[0m
INFO:__main__:[2m2025-08-26T22:44:57.227818Z[0m [[32m[1minfo     [0m] [1m✅ [COLLECTOR] Nonce validation successful for agent[0m [[34m[1m__main__[0m] [36magent_name[0m=[35magent-geo-policy-violation-002[0m [36magent_public_key_fingerprint[0m=[35mMIIBIjANBgkqhkiG...[0m [36mnonce_value[0m=[35m3326000f93e7e5e1...[0m
INFO:__main__:[2m2025-08-26T22:44:57.227996Z[0m [[32m[1minfo     [0m] [1m🔍 [COLLECTOR] Starting signature verification with key[0m [[34m[1m__main__[0m] [36magent_name[0m=[35magent-geo-policy-violation-002[0m [36mnonce[0m=[35m3326000f93e7e5e1...[0m [36mpublic_key_length[0m=[35m444[0m [36msignature[0m=[35mb40e0526174a3a2db0ef4f320d46be00...[0m
INFO:__main__:[2m2025-08-26T22:44:57.228169Z[0m [[32m[1minfo     [0m] [1m🔍 [COLLECTOR] Reconstructed data for verification with key[0m [[34m[1m__main__[0m] [36mdata_json[0m=[35m{"geographic_region": {"city": "Berlin", "region": "EU", "state": "Germany"}, "metrics": {"metrics": {"active_connections": 49, "error_rate": 0.38514685353493616, "requests_per_second": 70.73157264779621, "response_time_ms": 431.3508784997193}, "service": {"instance_id": "unknown", "name": "opentelemetry-agent", "version": "1.0.0"}, "timestamp": "2025-08-26T22:44:57.068602"}}[0m [36mdata_length[0m=[35m378[0m [36mnonce[0m=[35m3326000f93e7e5e10ce4928270be585c[0m
INFO:__main__:[2m2025-08-26T22:44:57.255008Z[0m [[32m[1minfo     [0m] [1m🔍 [COLLECTOR] TPM2 signature verification successful[0m [[34m[1m__main__[0m] 
INFO:__main__:[2m2025-08-26T22:44:57.256452Z[0m [[32m[1minfo     [0m] [1m🔍 [COLLECTOR] Signature verification result with key[0m [[34m[1m__main__[0m] [36magent_name[0m=[35magent-geo-policy-violation-002[0m [36mis_valid[0m=[35mTrue[0m
WARNING:__main__:[2m2025-08-26T22:44:57.256753Z[0m [[33m[1mwarning  [0m] [1mGeolocation mismatch          [0m [[34m[1m__main__[0m] [36magent_name[0m=[35magent-geo-policy-violation-002[0m [36mexpected_geo[0m=[35m{'country': 'US', 'state': 'California', 'city': 'Santa Clara'}[0m [36mreceived_geo[0m=[35m{'country': 'EU', 'state': 'Germany', 'city': 'Berlin'}[0m
